# JRE version: Java(TM) SE Runtime Environment (8.0_151-b12) (build 1.8.0_151-b12)
# Java VM: Java HotSpot(TM) 64-Bit Server VM (25.151-b12 mixed mode windows-amd64 compressed oops)
Heap:
 PSYoungGen      total 438784K, used 139236K [0x00000000e0000000, 0x0000000100000000, 0x0000000100000000)
  eden space 372736K, 20% used [0x00000000e0000000,0x00000000e4a6b208,0x00000000f6c00000)
  from space 66048K, 95% used [0x00000000fbf80000,0x00000000ffd0dea0,0x0000000100000000)
  to   space 75776K, 0% used [0x00000000f6c00000,0x00000000f6c00000,0x00000000fb600000)
 ParOldGen       total 675840K, used 399113K [0x00000000a0000000, 0x00000000c9400000, 0x00000000e0000000)
  object space 675840K, 59% used [0x00000000a0000000,0x00000000b85c2450,0x00000000c9400000)
 Metaspace       used 352987K, capacity 364658K, committed 398976K, reserved 1394688K
  class space    used 42525K, capacity 44874K, committed 52864K, reserved 1048576K
GC Heap History (10 events):
Event: 13103.565 GC heap before
{Heap before GC invocations=136 (full 9):
 PSYoungGen      total 444928K, used 405538K [0x00000000e0000000, 0x00000000ff680000, 0x0000000100000000)
  eden space 383488K, 99% used [0x00000000e0000000,0x00000000f76254f0,0x00000000f7680000)
  from space 61440K, 36% used [0x00000000fba80000,0x00000000fd0634b0,0x00000000ff680000)
  to   space 65536K, 0% used [0x00000000f7680000,0x00000000f7680000,0x00000000fb680000)
 ParOldGen       total 623616K, used 556298K [0x00000000a0000000, 0x00000000c6100000, 0x00000000e0000000)
  object space 623616K, 89% used [0x00000000a0000000,0x00000000c1f42ac8,0x00000000c6100000)
 Metaspace       used 395068K, capacity 407414K, committed 407552K, reserved 1406976K
  class space    used 47136K, capacity 49598K, committed 49664K, reserved 1048576K
Event: 13103.597 GC heap after
Heap after GC invocations=136 (full 9):
 PSYoungGen      total 449024K, used 23338K [0x00000000e0000000, 0x00000000ffe00000, 0x0000000100000000)
  eden space 383488K, 0% used [0x00000000e0000000,0x00000000e0000000,0x00000000f7680000)
  from space 65536K, 35% used [0x00000000f7680000,0x00000000f8d4a920,0x00000000fb680000)
  to   space 62464K, 0% used [0x00000000fc100000,0x00000000fc100000,0x00000000ffe00000)
 ParOldGen       total 623616K, used 575500K [0x00000000a0000000, 0x00000000c6100000, 0x00000000e0000000)
  object space 623616K, 92% used [0x00000000a0000000,0x00000000c3203010,0x00000000c6100000)
 Metaspace       used 395068K, capacity 407414K, committed 407552K, reserved 1406976K
  class space    used 47136K, capacity 49598K, committed 49664K, reserved 1048576K
}
Event: 13109.332 GC heap before
{Heap before GC invocations=137 (full 9):
 PSYoungGen      total 449024K, used 381383K [0x00000000e0000000, 0x00000000ffe00000, 0x0000000100000000)
  eden space 383488K, 93% used [0x00000000e0000000,0x00000000f5da75b0,0x00000000f7680000)
  from space 65536K, 35% used [0x00000000f7680000,0x00000000f8d4a920,0x00000000fb680000)
  to   space 62464K, 0% used [0x00000000fc100000,0x00000000fc100000,0x00000000ffe00000)
 ParOldGen       total 623616K, used 575500K [0x00000000a0000000, 0x00000000c6100000, 0x00000000e0000000)
  object space 623616K, 92% used [0x00000000a0000000,0x00000000c3203010,0x00000000c6100000)
 Metaspace       used 415535K, capacity 428188K, committed 428800K, reserved 1425408K
  class space    used 49860K, capacity 52411K, committed 52480K, reserved 1048576K
Event: 13109.364 GC heap after
Heap after GC invocations=137 (full 9):
 PSYoungGen      total 455680K, used 45107K [0x00000000e0000000, 0x0000000100000000, 0x0000000100000000)
  eden space 393216K, 0% used [0x00000000e0000000,0x00000000e0000000,0x00000000f8000000)
  from space 62464K, 72% used [0x00000000fc100000,0x00000000fed0ce60,0x00000000ffe00000)
  to   space 65536K, 0% used [0x00000000f8000000,0x00000000f8000000,0x00000000fc000000)
 ParOldGen       total 623616K, used 582548K [0x00000000a0000000, 0x00000000c6100000, 0x00000000e0000000)
  object space 623616K, 93% used [0x00000000a0000000,0x00000000c38e5340,0x00000000c6100000)
 Metaspace       used 415535K, capacity 428188K, committed 428800K, reserved 1425408K
  class space    used 49860K, capacity 52411K, committed 52480K, reserved 1048576K
}
Event: 13109.659 GC heap before
{Heap before GC invocations=138 (full 9):
 PSYoungGen      total 455680K, used 435583K [0x00000000e0000000, 0x0000000100000000, 0x0000000100000000)
  eden space 393216K, 99% used [0x00000000e0000000,0x00000000f7d52f78,0x00000000f8000000)
  from space 62464K, 72% used [0x00000000fc100000,0x00000000fed0ce60,0x00000000ffe00000)
  to   space 65536K, 0% used [0x00000000f8000000,0x00000000f8000000,0x00000000fc000000)
 ParOldGen       total 623616K, used 582548K [0x00000000a0000000, 0x00000000c6100000, 0x00000000e0000000)
  object space 623616K, 93% used [0x00000000a0000000,0x00000000c38e5340,0x00000000c6100000)
 Metaspace       used 418716K, capacity 431438K, committed 431744K, reserved 1427456K
  class space    used 50279K, capacity 52838K, committed 52864K, reserved 1048576K
Event: 13109.678 GC heap after
Heap after GC invocations=138 (full 9):
 PSYoungGen      total 396800K, used 3372K [0x00000000e0000000, 0x0000000100000000, 0x0000000100000000)
  eden space 393216K, 0% used [0x00000000e0000000,0x00000000e0000000,0x00000000f8000000)
  from space 3584K, 94% used [0x00000000f8000000,0x00000000f834b340,0x00000000f8380000)
  to   space 66048K, 0% used [0x00000000fbf80000,0x00000000fbf80000,0x0000000100000000)
 ParOldGen       total 623616K, used 596568K [0x00000000a0000000, 0x00000000c6100000, 0x00000000e0000000)
  object space 623616K, 95% used [0x00000000a0000000,0x00000000c46963e0,0x00000000c6100000)
 Metaspace       used 418716K, capacity 431438K, committed 431744K, reserved 1427456K
  class space    used 50279K, capacity 52838K, committed 52864K, reserved 1048576K
}
Event: 13109.678 GC heap before
{Heap before GC invocations=139 (full 10):
 PSYoungGen      total 396800K, used 3372K [0x00000000e0000000, 0x0000000100000000, 0x0000000100000000)
  eden space 393216K, 0% used [0x00000000e0000000,0x00000000e0000000,0x00000000f8000000)
  from space 3584K, 94% used [0x00000000f8000000,0x00000000f834b340,0x00000000f8380000)
  to   space 66048K, 0% used [0x00000000fbf80000,0x00000000fbf80000,0x0000000100000000)
 ParOldGen       total 623616K, used 596568K [0x00000000a0000000, 0x00000000c6100000, 0x00000000e0000000)
  object space 623616K, 95% used [0x00000000a0000000,0x00000000c46963e0,0x00000000c6100000)
 Metaspace       used 418716K, capacity 431438K, committed 431744K, reserved 1427456K
  class space    used 50279K, capacity 52838K, committed 52864K, reserved 1048576K
Event: 13111.029 GC heap after
Heap after GC invocations=139 (full 10):
 PSYoungGen      total 396800K, used 0K [0x00000000e0000000, 0x0000000100000000, 0x0000000100000000)
  eden space 393216K, 0% used [0x00000000e0000000,0x00000000e0000000,0x00000000f8000000)
  from space 3584K, 0% used [0x00000000f8000000,0x00000000f8000000,0x00000000f8380000)
  to   space 66048K, 0% used [0x00000000fbf80000,0x00000000fbf80000,0x0000000100000000)
 ParOldGen       total 675840K, used 399113K [0x00000000a0000000, 0x00000000c9400000, 0x00000000e0000000)
  object space 675840K, 59% used [0x00000000a0000000,0x00000000b85c2450,0x00000000c9400000)
 Metaspace       used 349834K, capacity 361354K, committed 398976K, reserved 1394688K
  class space    used 42228K, capacity 44570K, committed 52864K, reserved 1048576K
}
Event: 13112.056 GC heap before
{Heap before GC invocations=140 (full 10):
 PSYoungGen      total 396800K, used 393216K [0x00000000e0000000, 0x0000000100000000, 0x0000000100000000)
  eden space 393216K, 100% used [0x00000000e0000000,0x00000000f8000000,0x00000000f8000000)
  from space 3584K, 0% used [0x00000000f8000000,0x00000000f8000000,0x00000000f8380000)
  to   space 66048K, 0% used [0x00000000fbf80000,0x00000000fbf80000,0x0000000100000000)
 ParOldGen       total 675840K, used 399113K [0x00000000a0000000, 0x00000000c9400000, 0x00000000e0000000)
  object space 675840K, 59% used [0x00000000a0000000,0x00000000b85c2450,0x00000000c9400000)
 Metaspace       used 352415K, capacity 364076K, committed 398976K, reserved 1394688K
  class space    used 42492K, capacity 44835K, committed 52864K, reserved 1048576K
Event: 13112.083 GC heap after
Heap after GC invocations=140 (full 10):
 PSYoungGen      total 438784K, used 63031K [0x00000000e0000000, 0x0000000100000000, 0x0000000100000000)
  eden space 372736K, 0% used [0x00000000e0000000,0x00000000e0000000,0x00000000f6c00000)
  from space 66048K, 95% used [0x00000000fbf80000,0x00000000ffd0dea0,0x0000000100000000)
  to   space 75776K, 0% used [0x00000000f6c00000,0x00000000f6c00000,0x00000000fb600000)
 ParOldGen       total 675840K, used 399113K [0x00000000a0000000, 0x00000000c9400000, 0x00000000e0000000)
  object space 675840K, 59% used [0x00000000a0000000,0x00000000b85c2450,0x00000000c9400000)
 Metaspace       used 352415K, capacity 364076K, committed 398976K, reserved 1394688K
  class space    used 42492K, capacity 44835K, committed 52864K, reserved 1048576K
}

